0 info it worked if it ends with ok
1 verbose cli [ '/home/ubuntu/.nvm/versions/node/v4.7.3/bin/node',
1 verbose cli   '/home/ubuntu/.nvm/versions/node/v4.7.3/bin/npm',
1 verbose cli   'install',
1 verbose cli   'firebase@4.6.0--save' ]
2 info using npm@2.15.11
3 info using node@v4.7.3
4 verbose install initial load of /home/ubuntu/workspace/package.json
5 warn package.json FreshInventory@0.0.1 No repository field.
6 warn package.json FreshInventory@0.0.1 No license field.
7 verbose installManyTop reading scoped package data from /home/ubuntu/workspace/node_modules/async/package.json
8 verbose installManyTop reading scoped package data from /home/ubuntu/workspace/node_modules/express/package.json
9 verbose installManyTop reading scoped package data from /home/ubuntu/workspace/node_modules/firebase/package.json
10 verbose installManyTop reading scoped package data from /home/ubuntu/workspace/node_modules/nodemon/package.json
11 verbose installManyTop reading scoped package data from /home/ubuntu/workspace/node_modules/socket.io/package.json
12 info package.json express@3.2.6 No license field.
13 info package.json async@0.2.10 No license field.
14 info package.json socket.io@0.9.17 No license field.
15 verbose readDependencies loading dependencies from /home/ubuntu/workspace/package.json
16 silly cache add args [ 'firebase@4.6.0--save', null ]
17 verbose cache add spec firebase@4.6.0--save
18 silly cache add parsed spec Result {
18 silly cache add   raw: 'firebase@4.6.0--save',
18 silly cache add   scope: null,
18 silly cache add   name: 'firebase',
18 silly cache add   rawSpec: '4.6.0--save',
18 silly cache add   spec: '4.6.0--save',
18 silly cache add   type: 'version' }
19 silly addNamed firebase@4.6.0--save
20 verbose addNamed "4.6.0--save" is a plain semver version for firebase
21 silly mapToRegistry name firebase
22 silly mapToRegistry using default registry
23 silly mapToRegistry registry https://registry.npmjs.org/
24 silly mapToRegistry data Result {
24 silly mapToRegistry   raw: 'firebase',
24 silly mapToRegistry   scope: null,
24 silly mapToRegistry   name: 'firebase',
24 silly mapToRegistry   rawSpec: '',
24 silly mapToRegistry   spec: 'latest',
24 silly mapToRegistry   type: 'tag' }
25 silly mapToRegistry uri https://registry.npmjs.org/firebase
26 verbose addNameVersion registry:https://registry.npmjs.org/firebase not in flight; fetching
27 verbose request uri https://registry.npmjs.org/firebase
28 verbose request no auth needed
29 info attempt registry request try #1 at 10:18:25 PM
30 verbose request id da5f23d6e41ebc96
31 verbose etag W/"5a04e55e-27c07"
32 verbose lastModified Thu, 09 Nov 2017 23:31:42 GMT
33 http request GET https://registry.npmjs.org/firebase
34 http 304 https://registry.npmjs.org/firebase
35 verbose headers { date: 'Wed, 22 Nov 2017 22:18:25 GMT',
35 verbose headers   via: '1.1 varnish',
35 verbose headers   'cache-control': 'max-age=300',
35 verbose headers   etag: 'W/"5a04e55e-27c07"',
35 verbose headers   age: '0',
35 verbose headers   connection: 'keep-alive',
35 verbose headers   'x-served-by': 'cache-ord1731-ORD',
35 verbose headers   'x-cache': 'HIT',
35 verbose headers   'x-cache-hits': '1',
35 verbose headers   'x-timer': 'S1511389106.567990,VS0,VE23',
35 verbose headers   vary: 'Accept-Encoding, Accept' }
36 silly get cb [ 304,
36 silly get   { date: 'Wed, 22 Nov 2017 22:18:25 GMT',
36 silly get     via: '1.1 varnish',
36 silly get     'cache-control': 'max-age=300',
36 silly get     etag: 'W/"5a04e55e-27c07"',
36 silly get     age: '0',
36 silly get     connection: 'keep-alive',
36 silly get     'x-served-by': 'cache-ord1731-ORD',
36 silly get     'x-cache': 'HIT',
36 silly get     'x-cache-hits': '1',
36 silly get     'x-timer': 'S1511389106.567990,VS0,VE23',
36 silly get     vary: 'Accept-Encoding, Accept' } ]
37 verbose etag https://registry.npmjs.org/firebase from cache
38 verbose get saving firebase to /home/ubuntu/.npm/registry.npmjs.org/firebase/.cache.json
39 verbose correctMkdir /home/ubuntu/.npm correctMkdir not in flight; initializing
40 verbose stack Error: version not found: firebase@4.6.0--save
40 verbose stack     at setData (/home/ubuntu/.nvm/versions/node/v4.7.3/lib/node_modules/npm/lib/cache/add-named.js:137:12)
40 verbose stack     at RES (/home/ubuntu/.nvm/versions/node/v4.7.3/lib/node_modules/npm/node_modules/inflight/inflight.js:23:14)
40 verbose stack     at f (/home/ubuntu/.nvm/versions/node/v4.7.3/lib/node_modules/npm/node_modules/once/once.js:25:25)
40 verbose stack     at fixName (/home/ubuntu/.nvm/versions/node/v4.7.3/lib/node_modules/npm/lib/cache/add-named.js:29:5)
40 verbose stack     at saved (/home/ubuntu/.nvm/versions/node/v4.7.3/lib/node_modules/npm/lib/cache/caching-client.js:173:7)
40 verbose stack     at /home/ubuntu/.nvm/versions/node/v4.7.3/lib/node_modules/npm/node_modules/graceful-fs/polyfills.js:233:18
40 verbose stack     at FSReqWrap.oncomplete (fs.js:82:15)
41 verbose statusCode 404
42 verbose cwd /home/ubuntu/workspace
43 error Linux 4.9.17-c9
44 error argv "/home/ubuntu/.nvm/versions/node/v4.7.3/bin/node" "/home/ubuntu/.nvm/versions/node/v4.7.3/bin/npm" "install" "firebase@4.6.0--save"
45 error node v4.7.3
46 error npm  v2.15.11
47 error version not found: firebase@4.6.0--save
48 error If you need help, you may report this error at:
48 error     <https://github.com/npm/npm/issues>
49 verbose exit [ 1, true ]
